{
  "RSpec": {
    "coverage": {
      "/home/wtlin/Documents/my_ruby_project/FansWatch/lib/fb_api.rb": [
        1,
        1,
        null,
        1,
        null,
        1,
        1,
        1,
        1,
        1,
        null,
        1,
        null,
        1,
        6,
        null,
        null,
        null,
        null,
        6,
        null,
        null,
        1,
        3,
        null,
        3,
        null,
        null,
        1,
        2,
        null,
        2,
        null,
        null,
        1,
        1,
        null,
        null,
        1,
        null,
        null,
        1,
        1,
        null,
        null,
        1,
        null,
        null,
        null,
        1,
        null,
        1,
        7,
        null,
        null,
        null,
        null,
        null
      ],
      "/home/wtlin/Documents/my_ruby_project/FansWatch/lib/page.rb": [
        1,
        1,
        null,
        1,
        null,
        1,
        1,
        null,
        1,
        3,
        3,
        3,
        null,
        null,
        1,
        2,
        2,
        2,
        50,
        null,
        null,
        null,
        null,
        null,
        null,
        1,
        3,
        3,
        null,
        null,
        null,
        null
      ],
      "/home/wtlin/Documents/my_ruby_project/FansWatch/lib/posting.rb": [
        1,
        1,
        null,
        1,
        null,
        1,
        1,
        null,
        1,
        51,
        51,
        null,
        null,
        1,
        2,
        null,
        1,
        1,
        null,
        null,
        1,
        1,
        1,
        null,
        null,
        1,
        null,
        1,
        51,
        null,
        51,
        51,
        51,
        51,
        null,
        null,
        null
      ],
      "/home/wtlin/Documents/my_ruby_project/FansWatch/lib/attachment.rb": [
        1,
        null,
        1,
        1,
        null,
        1,
        1,
        1,
        1,
        null,
        null,
        null,
        null
      ]
    },
    "timestamp": 1479717890
  }
}
